OUTPUT		:a1/5,a5/7,a7/2,a2/,,a,/6,a6/4,a4/,,a,/0,a0/1,a1/5,a5/1,a1/8:4.660000e-01
OUTPUT		:a1/5,a5/4,a4/,,a,/4,a4/1,a1/3,a3/1,a1/4,a4/1,a1/8:5.110000e-01
OUTPUT		:a1/2,a2/4,a4/3,a3/,,a,/2,a2/,:5.110000e-01
OUTPUT		:a1/5,a5/7,a7/1,a1/,,a,/8,a8/9,a9/,,a,/2,a2/,:9.090000e-01
OUTPUT		:a1/8,a8/1,a1/,,a,/5,a5/1,a1/8:9.090000e-01
OUTPUT		:a1/8,a8/2,a2/,,a,/1,a1/4,a4/,,a,/2,a2/,:9.150000e-01
OUTPUT		:a1/5,a5/7,a7/1,a1/,,a,/2,a2/1,a1/8:9.150000e-01
OUTPUT		:a1/8,a8/1,a1/,,a,/8,a8/1,a1/1,a1/1,a1/8:9.300000e-01
OUTPUT		:a1/5,a5/1,a1/,,a,/2,a2/1,a1/8:9.300000e-01
OUTPUT		:a1/4,a4/,,a,/2,a2/,,a,/2,a2/,:9.300000e-01
OUTPUT		:a1/5,a5/7,a7/2,a2/,,a,/3,a3/1,a1/8:9.300000e-01
OUTPUT		:a1/5,a5/1,a1/,,a,/2,a2/,,a,/2,a2/,:9.300000e-01
OUTPUT		:a1/2,a2/9,a9/1,a1/,,a,/2,a2/,:9.300000e-01
OUTPUT		:a1/5,a5/4,a4/,,a,/0,a0/,,a,/2,a2/,:9.390000e-01
OUTPUT		:a1/5,a5/7,a7/2,a2/,,a,/6,a6/1,a1/2,a2/1,a1/8:9.390000e-01
OUTPUT		:a1/2,a2/1,a1/8:          9.390000e-01
OUTPUT		:a1/5,a5/2,a2/,,a,/8,a8/5,a5/,,a,/9,a9/1,a1/8:9.460000e-01
OUTPUT		:a1/3,a3/6,a6/1,a1/,,a,/0,a0/,,a,/2,a2/,:9.460000e-01
OUTPUT		:a1/8,a8/2,a2/,,a,/2,a2/,:9.460000e-01
OUTPUT		:a1/5,a5/4,a4/,,a,/4,a4/1,a1/8:9.470000e-01
OUTPUT		:a1/5,a5/7,a7/2,a2/,,a,/3,a3/1,a1/5,a5/1,a1/8:9.470000e-01
OUTPUT		:a1/2,a2/4,a4/1,a1/,,a,/1,a1/1,a1/8,a8/1,a1/8:9.480000e-01
OUTPUT		:a1/5,a5/5,a5/,,a,/2,a2/,:9.520000e-01
OUTPUT		:a1/5,a5/7,a7/2,a2/,,a,/6,a6/1,a1/8:9.520000e-01
OUTPUT		:a1/5,a5/7,a7/1,a1/,,a,/8,a8/3,a3/,,a,/6,a6/7,a7/,,a,/2,a2/,:9.520000e-01
OUTPUT		:a1/5,a5/7,a7/2,a2/,,a,/3,a3/6,a6/,,a,/2,a2/,:9.520000e-01
OUTPUT		:a1/5,a5/7,a7/2,a2/,,a,/6,a6/4,a4/,,a,/0,a0/1,a1/8:9.570000e-01
OUTPUT		:a1/5,a5/5,a5/,,a,/0,a0/1,a1/8:9.970000e-01
OUTPUT		:a1/5,a5/1,a1/,,a,/8,a8/6,a6/,,a,/2,a2/,:1.000000e+00
OUTPUT		:a1/8,a8/1,a1/,,a,/2,a2/,,a,/2,a2/,:1.000000e+00
OUTPUT		:a1/2,a2/4,a4/1,a1/,,a,/1,a1/1,a1/6,a6/1,a1/8:1.000000e+00
OUTPUT		:a1/2,a2/2,a2/,,a,/2,a2/,:1.000000e+00
OUTPUT		:a1/2,a2/3,a3/,,a,/5,a5/1,a1/8,a8/1,a1/8:1.550000e-01
OUTPUT		:a1/2,a2/4,a4/1,a1/,,a,/0,a0/6,a6/,,a,/7,a7/1,a1/6,a6/1,a1/8:1.550000e-01
OUTPUT		:a1/3,a3/3,a3/,,a,/0,a0/,,a,/2,a2/,:1.550000e-01
OUTPUT		:a1/2,a2/1,a1/,,a,/1,a1/3,a3/,,a,/2,a2/,:1.550000e-01
OUTPUT		:a1/5,a5/1,a1/,,a,/6,a6/1,a1/1,a1/1,a1/8:1.550000e-01
OUTPUT		:a1/5,a5/2,a2/,,a,/2,a2/,:1.550000e-01
OUTPUT		:a1/5,a5/1,a1/,,a,/8,a8/6,a6/,,a,/4,a4/1,a1/8:3.400000e-02
OUTPUT		:a1/5,a5/1,a1/,,a,/5,a5/5,a5/,,a,/2,a2/,:3.400000e-02
OUTPUT		:a1/5,a5/1,a1/,,a,/5,a5/1,a1/8:3.400000e-02
OUTPUT		:a1/8,a8/1,a1/8:          3.400000e-02
OUTPUT		:a1/5,a5/6,a6/,,a,/2,a2/,:3.400000e-02
OUTPUT		:a1/8,a8/1,a1/,,a,/8,a8/1,a1/2,a2/1,a1/8:1.340000e-01
OUTPUT		:a1/3,a3/1,a1/5,a5/1,a1/8:1.340000e-01
OUTPUT		:a1/5,a5/7,a7/2,a2/,,a,/7,a7/8,a8/,,a,/2,a2/,:1.340000e-01
OUTPUT		:a1/2,a2/1,a1/,,a,/4,a4/1,a1/3,a3/1,a1/8:2.700000e-02
OUTPUT		:a1/2,a2/9,a9/9,a9/,,a,/2,a2/,:2.700000e-02
OUTPUT		:a1/5,a5/1,a1/8:          2.700000e-02
OUTPUT		:a1/5,a5/7,a7/2,a2/,,a,/3,a3/1,a1/7,a7/1,a1/8:2.700000e-02
OUTPUT		:a1/5,a5/1,a1/,,a,/2,a2/1,a1/0,a0/1,a1/8:2.700000e-02
OUTPUT		:a1/5,a5/2,a2/,,a,/8,a8/5,a5/,,a,/1,a1/,,a,/2,a2/,:1.000000e-03
OUTPUT		:a1/5,a5/1,a1/,,a,/6,a6/1,a1/8:1.000000e-03
OUTPUT		:a1/5,a5/7,a7/1,a1/,,a,/8,a8/3,a3/,,a,/0,a0/1,a1/8:1.000000e-03
OUTPUT		:a1/3,a3/6,a6/1,a1/,,a,/1,a1/,,a,/2,a2/,:1.000000e-03
OUTPUT		:a1/2,a2/4,a4/2,a2/,,a,/2,a2/,:1.000000e-03
OUTPUT		:a1/8,a8/1,a1/,,a,/5,a5/1,a1/4,a4/1,a1/8:1.000000e-03
OUTPUT		:a1/5,a5/7,a7/2,a2/,,a,/7,a7/8,a8/,,a,/2,a2/,:1.000000e-03
